<?xml version="1.0" encoding="UTF-8"?>
<testng-results ignored="0" total="1" passed="1" failed="0" skipped="0">
  <reporter-output>
  </reporter-output>
  <suite started-at="2023-11-05T00:34:03 IST" name="Default suite" finished-at="2023-11-05T00:34:04 IST" duration-ms="137">
    <groups>
    </groups>
    <test started-at="2023-11-05T00:34:03 IST" name="Default test" finished-at="2023-11-05T00:34:04 IST" duration-ms="137">
      <class name="dataProviderPackage.NewTest">
        <test-method signature="f()[pri:0, instance:dataProviderPackage.NewTest@2ddc9a9f]" started-at="2023-11-05T00:34:04 IST" name="f" finished-at="2023-11-05T00:34:04 IST" duration-ms="27" status="PASS">
          <reporter-output>
          </reporter-output>
        </test-method> <!-- f -->
      </class> <!-- dataProviderPackage.NewTest -->
    </test> <!-- Default test -->
  </suite> <!-- Default suite -->
</testng-results>
