<?xml version="1.0" encoding="UTF-8"?>
<!-- Generated by org.testng.reporters.JUnitXMLReporter -->
<testsuite ignored="2" hostname="LIN89000325" failures="0" tests="2" name="SampleGroupTest" time="0.1" errors="0" timestamp="2023-10-23T00:15:14 IST">
  <testcase classname="MyTestNGPractice.MetaGroupingEx" name="meta1" time="0.028"/>
  <testcase classname="MyTestNGPractice.SuiteLevelGroupEx" name="suite1" time="0.001"/>
  <testcase classname="MyTestNGPractice.SuiteLevelGroupEx" name="suite2" time="0.0">
    <ignored/>
  </testcase> <!-- suite2 -->
  <testcase classname="MyTestNGPractice.MetaGroupingEx" name="meta2" time="0.0">
    <ignored/>
  </testcase> <!-- meta2 -->
</testsuite> <!-- SampleGroupTest -->
