<?xml version="1.0" encoding="UTF-8"?>
<!-- Generated by org.testng.reporters.JUnitXMLReporter -->
<testsuite ignored="3" hostname="LIN89000325" failures="0" tests="3" name="TestMetaGroup_1" time="0.072" errors="0" timestamp="2023-10-23T00:16:48 IST">
  <testcase classname="MyTestNGPractice.InitialGroupEx" name="initial1" time="0.008"/>
  <testcase classname="MyTestNGPractice.SuiteLevelGroupEx" name="suite1" time="0.001"/>
  <testcase classname="MyTestNGPractice.MetaGroupingEx" name="meta1" time="0.001"/>
  <testcase classname="MyTestNGPractice.MetaGroupingEx" name="meta2" time="0.0">
    <ignored/>
  </testcase> <!-- meta2 -->
  <testcase classname="MyTestNGPractice.SuiteLevelGroupEx" name="suite2" time="0.0">
    <ignored/>
  </testcase> <!-- suite2 -->
  <testcase classname="MyTestNGPractice.InitialGroupEx" name="initial2" time="0.0">
    <ignored/>
  </testcase> <!-- initial2 -->
</testsuite> <!-- TestMetaGroup_1 -->
