<?xml version="1.0" encoding="UTF-8"?>
<!-- Generated by org.testng.reporters.JUnitXMLReporter -->
<testsuite ignored="1" hostname="LIN89000325" failures="0" tests="5" name="IgnoreMethodLevelExample" time="26.151" errors="0" timestamp="2023-09-09T21:21:48 IST">
  <testcase classname="ignorePackage.IgnorePackageExample" name="validateLogin" time="6.603"/>
  <testcase classname="ignorePackage.IgnorePackageExample" name="validateHomePage" time="3.155"/>
  <testcase classname="ignorePackage.IgnorePackageExample" name="selectProduct" time="3.18"/>
  <testcase classname="ignorePackage.IgnorePackageExample" name="assertCartPage" time="5.189"/>
  <testcase classname="ignorePackage.IgnorePackageExample" name="continueShopping" time="3.172"/>
  <testcase classname="ignorePackage.IgnorePackageExample" name="checkoutProduct" time="0.0">
    <ignored/>
  </testcase> <!-- checkoutProduct -->
</testsuite> <!-- IgnoreMethodLevelExample -->
