<?xml version="1.0" encoding="UTF-8"?>
<!-- Generated by org.testng.reporters.JUnitXMLReporter -->
<testsuite ignored="5" hostname="LIN89000325" failures="0" tests="2" name="SwagLab_InvalidLogin" time="12.192" errors="0" timestamp="2023-09-09T21:35:35 IST">
  <testcase classname="MyTestNGPractice.SwagLabsTest" name="validateLogin" time="6.656"/>
  <testcase classname="MyTestNGPractice.SwagLabsTest" name="validateInvalidCredentials" time="3.085"/>
  <testcase classname="MyTestNGPractice.SwagLabsTest" name="checkoutProduct" time="0.0">
    <ignored/>
  </testcase> <!-- checkoutProduct -->
  <testcase classname="MyTestNGPractice.SwagLabsTest" name="selectProduct" time="0.0">
    <ignored/>
  </testcase> <!-- selectProduct -->
  <testcase classname="MyTestNGPractice.SwagLabsTest" name="continueShopping" time="0.0">
    <ignored/>
  </testcase> <!-- continueShopping -->
  <testcase classname="MyTestNGPractice.SwagLabsTest" name="validateHomePage" time="0.0">
    <ignored/>
  </testcase> <!-- validateHomePage -->
  <testcase classname="MyTestNGPractice.SwagLabsTest" name="assertCartPage" time="0.0">
    <ignored/>
  </testcase> <!-- assertCartPage -->
</testsuite> <!-- SwagLab_InvalidLogin -->
