<?xml version="1.0" encoding="UTF-8"?>
<!-- Generated by org.testng.reporters.JUnitXMLReporter -->
<testsuite ignored="1" hostname="LIN89000325" failures="0" tests="5" name="SwagLab_ContinueShopping" time="25.475" errors="0" timestamp="2023-09-08T22:41:23 IST">
  <testcase classname="MyTestNGPractice.SwagLabsTest" name="validateLogin" time="6.788"/>
  <testcase classname="MyTestNGPractice.SwagLabsTest" name="validateHomePage" time="3.125"/>
  <testcase classname="MyTestNGPractice.SwagLabsTest" name="selectProduct" time="3.222"/>
  <testcase classname="MyTestNGPractice.SwagLabsTest" name="assertCartPage" time="5.232"/>
  <testcase classname="MyTestNGPractice.SwagLabsTest" name="continueShopping" time="3.208"/>
  <testcase classname="MyTestNGPractice.SwagLabsTest" name="checkoutProduct" time="0.0">
    <ignored/>
  </testcase> <!-- checkoutProduct -->
</testsuite> <!-- SwagLab_ContinueShopping -->
