<?xml version="1.0" encoding="UTF-8"?>
<!-- Generated by org.testng.reporters.JUnitXMLReporter -->
<testsuite ignored="2" hostname="LIN89000325" failures="0" tests="5" name="SwagLab_CheckoutProduct" time="31.295" errors="0" timestamp="2023-09-09T21:35:23 IST">
  <testcase classname="MyTestNGPractice.SwagLabsTest" name="validateLogin" time="11.534"/>
  <testcase classname="MyTestNGPractice.SwagLabsTest" name="validateHomePage" time="3.145"/>
  <testcase classname="MyTestNGPractice.SwagLabsTest" name="selectProduct" time="3.335"/>
  <testcase classname="MyTestNGPractice.SwagLabsTest" name="assertCartPage" time="5.154"/>
  <testcase classname="MyTestNGPractice.SwagLabsTest" name="checkoutProduct" time="3.238"/>
  <testcase classname="MyTestNGPractice.SwagLabsTest" name="continueShopping" time="0.0">
    <ignored/>
  </testcase> <!-- continueShopping -->
  <testcase classname="MyTestNGPractice.SwagLabsTest" name="validateInvalidCredentials" time="0.0">
    <ignored/>
  </testcase> <!-- validateInvalidCredentials -->
</testsuite> <!-- SwagLab_CheckoutProduct -->
