<?xml version="1.0" encoding="UTF-8"?>
<!-- Generated by org.testng.reporters.JUnitXMLReporter -->
<testsuite ignored="0" hostname="LIN89000325" failures="0" tests="5" name="PrioritiesExample" time="0.058" errors="0" timestamp="2023-09-08T22:19:26 IST">
  <testcase classname="MyTestNGPractice.PriorityExample" name="Test_1" time="0.009"/>
  <testcase classname="MyTestNGPractice.PriorityExample" name="Test_2" time="0.001"/>
  <testcase classname="MyTestNGPractice.PriorityExample" name="Test_5" time="0.002"/>
  <testcase classname="MyTestNGPractice.PriorityExample" name="Test_3" time="0.001"/>
  <testcase classname="MyTestNGPractice.PriorityExample" name="Test_4" time="0.001"/>
</testsuite> <!-- PrioritiesExample -->
