<?xml version="1.0" encoding="UTF-8"?>
<!-- Generated by org.testng.reporters.JUnitXMLReporter -->
<testsuite ignored="2" hostname="LIN89000325" failures="0" tests="2" name="AnnotationsSample" time="0.116" errors="0" timestamp="2023-09-08T20:29:28 IST">
  <testcase classname="MyTestNGPractice.AnnotationsSample" name="testMethod" time="0.013"/>
  <testcase classname="MyTestNGPractice.SoftAssertEx" name="testMethod_2" time="0.002"/>
  <testcase classname="MyTestNGPractice.SoftAssertEx" name="hardAssertionExample" time="0.0">
    <ignored/>
  </testcase> <!-- hardAssertionExample -->
  <testcase classname="MyTestNGPractice.AnnotationsSample" name="testMethod_2" time="0.0">
    <ignored/>
  </testcase> <!-- testMethod_2 -->
</testsuite> <!-- AnnotationsSample -->
