<?xml version="1.0" encoding="UTF-8"?>
<!-- Generated by org.testng.reporters.JUnitXMLReporter -->
<testsuite ignored="0" hostname="LIN89000325" failures="0" tests="9" name="SuiteLevelGrouping" time="0.098" errors="0" timestamp="2023-10-23T00:42:37 IST">
  <testcase classname="MyTestNGPractice.InitialGroupEx" name="common" time="0.01"/>
  <testcase classname="MyTestNGPractice.InitialGroupEx" name="initial1" time="0.001"/>
  <testcase classname="MyTestNGPractice.InitialGroupEx" name="initial2" time="0.002"/>
  <testcase classname="MyTestNGPractice.SuiteLevelGroupEx" name="common" time="0.001"/>
  <testcase classname="MyTestNGPractice.SuiteLevelGroupEx" name="suite1" time="0.001"/>
  <testcase classname="MyTestNGPractice.SuiteLevelGroupEx" name="suite2" time="0.002"/>
  <testcase classname="MyTestNGPractice.MetaGroupingEx" name="common" time="0.002"/>
  <testcase classname="MyTestNGPractice.MetaGroupingEx" name="meta1" time="0.002"/>
  <testcase classname="MyTestNGPractice.MetaGroupingEx" name="meta2" time="0.001"/>
</testsuite> <!-- SuiteLevelGrouping -->
